Unity Editor version:    2020.3.27f1 (e759542391ea)
Branch:                  2020.3/release
Build type:              Release
Batch mode:              YES
macOS version:           Version 11.2.1 (Build 20D74)
Darwin version:          20.3.0
Architecture:            x86_64
Running under Rosetta:   NO
Available memory:        16384 MB
Using pre-set license
Pro License: NO

COMMAND LINE ARGUMENTS:
/Users/game1/Downloads/2020.3.27f1/Unity.app/Contents/MacOS/Unity
-adb2
-batchMode
-noUpm
-name
AssetImportWorker0
-projectPath
/Users/game1/2D Game Kit
-logFile
Logs/AssetImportWorker0.log
-srvPort
61983
Successfully changed project path to: /Users/game1/2D Game Kit
Could not lock editor preferences. Preferences updates for this instance of Unity will not be saved./Users/game1/2D Game Kit
Using Asset Import Pipeline V2.
Refreshing native plugins compatible for Editor in 45.20 ms, found 2 plugins.
Preloading 0 native plugins for Editor in 0.00 ms.
Initialize engine version: 2020.3.27f1 (e759542391ea)
[Subsystems] Discovering subsystems at path /Users/game1/Downloads/2020.3.27f1/Unity.app/Contents/Resources/UnitySubsystems
[Subsystems] Discovering subsystems at path /Users/game1/2D Game Kit/Assets
GfxDevice: creating device client; threaded=0
Renderer: AMD Radeon Pro 5500 XT OpenGL Engine
Vendor:   ATI Technologies Inc.
Version:  4.1 ATI-4.2.15
GLES:     0
 GL_ARB_blend_func_extended GL_ARB_draw_buffers_blend GL_ARB_draw_indirect GL_ARB_ES2_compatibility GL_ARB_explicit_attrib_location GL_ARB_gpu_shader_fp64 GL_ARB_gpu_shader5 GL_ARB_instanced_arrays GL_ARB_internalformat_query GL_ARB_occlusion_query2 GL_ARB_sample_shading GL_ARB_sampler_objects GL_ARB_separate_shader_objects GL_ARB_shader_bit_encoding GL_ARB_shader_subroutine GL_ARB_shading_language_include GL_ARB_tessellation_shader GL_ARB_texture_buffer_object_rgb32 GL_ARB_texture_cube_map_array GL_ARB_texture_gather GL_ARB_texture_query_lod GL_ARB_texture_rgb10_a2ui GL_ARB_texture_storage GL_ARB_texture_swizzle GL_ARB_timer_query GL_ARB_transform_feedback2 GL_ARB_transform_feedback3 GL_ARB_vertex_attrib_64bit GL_ARB_vertex_type_2_10_10_10_rev GL_ARB_viewport_array GL_EXT_debug_label GL_EXT_debug_marker GL_EXT_depth_bounds_test GL_EXT_texture_compression_s3tc GL_EXT_texture_filter_anisotropic GL_EXT_texture_mirror_clamp GL_EXT_texture_sRGB_decode GL_APPLE_client_storage GL_APPLE_container_object_shareable G
L_APPLE_flush_render GL_APPLE_object_purgeable GL_APPLE_rgb_422 GL_APPLE_row_bytes GL_APPLE_texture_range GL_ATI_texture_mirror_once GL_NV_texture_barrier
OPENGL LOG: Creating OpenGL 4.1 graphics device ; Context level  <OpenGL 4.1> ; Context handle 872684544
Initialize mono
Mono path[0] = '/Users/game1/Downloads/2020.3.27f1/Unity.app/Contents/Managed'
Mono path[1] = '/Users/game1/Downloads/2020.3.27f1/Unity.app/Contents/MonoBleedingEdge/lib/mono/unityjit'
Mono config path = '/Users/game1/Downloads/2020.3.27f1/Unity.app/Contents/MonoBleedingEdge/etc'
Using monoOptions --debugger-agent=transport=dt_socket,embedding=1,server=y,suspend=n,address=127.0.0.1:56172
Begin MonoManager ReloadAssembly
Registering precompiled unity dll's ...
Register platform support module: /Users/game1/Downloads/2020.3.27f1/Unity.app/Contents/PlaybackEngines/MacStandaloneSupport/UnityEditor.OSXStandalone.Extensions.dll
Registered in 0.000433 seconds.
Native extension for OSXStandalone target not found
Refreshing native plugins compatible for Editor in 42.19 ms, found 2 plugins.
Preloading 0 native plugins for Editor in 0.00 ms.
Mono: successfully reloaded assembly
- Completed reload, in  0.522 seconds
Domain Reload Profiling:
	ReloadAssembly (522ms)
		BeginReloadAssembly (36ms)
			ExecutionOrderSort (0ms)
			DisableScriptedObjects (0ms)
			BackupInstance (0ms)
			ReleaseScriptingObjects (0ms)
			CreateAndSetChildDomain (1ms)
		EndReloadAssembly (421ms)
			LoadAssemblies (35ms)
			RebuildTransferFunctionScriptingTraits (0ms)
			SetupTypeCache (156ms)
			ReleaseScriptCaches (0ms)
			RebuildScriptCaches (31ms)
			SetupLoadedEditorAssemblies (164ms)
				LogAssemblyErrors (0ms)
				InitializePlatformSupportModulesInManaged (4ms)
				SetLoadedEditorAssemblies (0ms)
				RefreshPlugins (42ms)
				BeforeProcessingInitializeOnLoad (6ms)
				ProcessInitializeOnLoadAttributes (86ms)
				ProcessInitializeOnLoadMethodAttributes (25ms)
				AfterProcessingInitializeOnLoad (0ms)
				EditorAssembliesLoaded (0ms)
			ExecutionOrderSort2 (0ms)
			AwakeInstancesAfterBackupRestoration (0ms)
Platform modules already initialized, skipping
Registering precompiled user dll's ...
Registered in 0.002486 seconds.
Begin MonoManager ReloadAssembly
Native extension for OSXStandalone target not found
Refreshing native plugins compatible for Editor in 0.52 ms, found 2 plugins.
Preloading 0 native plugins for Editor in 0.00 ms.
Mono: successfully reloaded assembly
- Completed reload, in  0.990 seconds
Domain Reload Profiling:
	ReloadAssembly (990ms)
		BeginReloadAssembly (138ms)
			ExecutionOrderSort (0ms)
			DisableScriptedObjects (4ms)
			BackupInstance (0ms)
			ReleaseScriptingObjects (0ms)
			CreateAndSetChildDomain (29ms)
		EndReloadAssembly (796ms)
			LoadAssemblies (80ms)
			RebuildTransferFunctionScriptingTraits (0ms)
			SetupTypeCache (303ms)
			ReleaseScriptCaches (0ms)
			RebuildScriptCaches (56ms)
			SetupLoadedEditorAssemblies (263ms)
				LogAssemblyErrors (0ms)
				InitializePlatformSupportModulesInManaged (4ms)
				SetLoadedEditorAssemblies (0ms)
				RefreshPlugins (1ms)
				BeforeProcessingInitializeOnLoad (44ms)
				ProcessInitializeOnLoadAttributes (201ms)
				ProcessInitializeOnLoadMethodAttributes (13ms)
				AfterProcessingInitializeOnLoad (1ms)
				EditorAssembliesLoaded (0ms)
			ExecutionOrderSort2 (0ms)
			AwakeInstancesAfterBackupRestoration (6ms)
Platform modules already initialized, skipping
Validating Project structure ... 0.017397 seconds.
Shader import version has changed; will reimport all shaders...
Upgrading shader files ...0.037567 seconds.
Application.AssetDatabase Initial Script Refresh Start
RefreshInfo: InitialScriptRefreshV2(NoUpdateAssetOptions) scanfilter:  ... 1 filters
RefreshProfiler: Total: 0.000ms
Application.AssetDatabase Initial Script Refresh End
Application.AssetDatabase.Refresh Start
Application.AssetDatabase.Refresh End
RefreshInfo: StopAssetImportingV2(ForceSynchronousImport) scanfilter: 
RefreshProfiler: Total: 0.000ms
Launching external process: /Users/game1/Downloads/2020.3.27f1/Unity.app/Contents/Tools/UnityShaderCompiler
Launched and connected shader compiler UnityShaderCompiler after 0.01 seconds
Initializing Unity extensions:
========================================================================
Worker process is ready to serve import requests
Refreshing native plugins compatible for Editor in 0.51 ms, found 2 plugins.
Preloading 0 native plugins for Editor in 0.00 ms.
Unloading 2062 Unused Serialized files (Serialized files now loaded: 0)
System memory in use before: 215.2 MB.
System memory in use after: 214.6 MB.

Unloading 223 unused Assets to reduce memory usage. Loaded Objects now: 2530.
Total: 2.659103 ms (FindLiveObjects: 0.158081 ms CreateObjectMapping: 0.077696 ms MarkObjects: 2.037998 ms  DeleteObjects: 0.384695 ms)

AssetImportParameters requested are different than current active one (requested -> active):
  custom:video-decoder-ogg-theora: a1e56fd34408186e4bbccfd4996cb3dc -> 
  custom:container-muxer-webm: aa71ff27fc2769a1b78a27578f13a17b -> 
  custom:container-demuxer-webm: 4f35f7cbe854078d1ac9338744f61a02 -> 
  custom:container-demuxer-ogg: 62fdf1f143b41e24485cea50d1cbac27 -> 
  custom:video-encoder-webm-vp8: eb34c28f22e8b96e1ab97ce403110664 -> 
  custom:framework-osx-AVFoundation: e770b220cccbd017edd2c1fefb359320 -> 
  custom:video-decoder-webm-vp8: 9c59270c3fd7afecdb556c50c9e8de78 -> 
  custom:audio-decoder-ogg-vorbis: bf7c407c2cedff20999df2af8eb42d56 -> 
  custom:audio-encoder-webm-vorbis: bf7c407c2cedff20999df2af8eb42d56 -> 
========================================================================
Received Import Request.
  path: Assets/Scene 1.unity
  artifactKey: Guid(55b44b6b9aba54160be84cd10511af80) Importer(815301076,1909f56bfc062723c751e8b465ee728b)
Start importing Assets/Scene 1.unity using Guid(55b44b6b9aba54160be84cd10511af80) Importer(815301076,1909f56bfc062723c751e8b465ee728b)  -> (artifact id: 'e6fd564963795a445a77ccb5c4efcaa3') in 0.009939 seconds 
  Import took 0.012969 seconds .

========================================================================
Received Import Request.
  Time since last request: 57.468656 seconds.
  path: Assets/2DGamekit/Art/Sprites/AnimatedSprites/Enemies/Chomper/Death/ChomperDEATH_Paint_01.png
  artifactKey: Guid(94f6e6ef133c2fc4d978f8e13f22331e) Importer(815301076,1909f56bfc062723c751e8b465ee728b)
Start importing Assets/2DGamekit/Art/Sprites/AnimatedSprites/Enemies/Chomper/Death/ChomperDEATH_Paint_01.png using Guid(94f6e6ef133c2fc4d978f8e13f22331e) Importer(815301076,1909f56bfc062723c751e8b465ee728b)  -> (artifact id: '870a92ea0590f2d503ec2c8f3b5b3878') in 0.794507 seconds 
  Import took 0.801792 seconds .

========================================================================
Received Import Request.
  Time since last request: 0.000217 seconds.
  path: Assets/2DGamekit/Art/Sprites/AnimatedSprites/Enemies/Chomper/Death/ChomperDEATH_Paint_09.png
  artifactKey: Guid(b6e64dd7555a5fc44b98d71cb5c0d43c) Importer(815301076,1909f56bfc062723c751e8b465ee728b)
Start importing Assets/2DGamekit/Art/Sprites/AnimatedSprites/Enemies/Chomper/Death/ChomperDEATH_Paint_09.png using Guid(b6e64dd7555a5fc44b98d71cb5c0d43c) Importer(815301076,1909f56bfc062723c751e8b465ee728b)  -> (artifact id: 'c0de1814c93485099b0e5fc94fd611b3') in 0.007859 seconds 
  Import took 0.010930 seconds .

========================================================================
Received Import Request.
  Time since last request: 0.000212 seconds.
  path: Assets/2DGamekit/Art/Sprites/Interactables/InfoSign.png
  artifactKey: Guid(d718e5e633b23ce4096bff9a77d77325) Importer(815301076,1909f56bfc062723c751e8b465ee728b)
Start importing Assets/2DGamekit/Art/Sprites/Interactables/InfoSign.png using Guid(d718e5e633b23ce4096bff9a77d77325) Importer(815301076,1909f56bfc062723c751e8b465ee728b)  -> (artifact id: '97b0ad6bb6a94e1162aa58b0b908a692') in 0.010138 seconds 
  Import took 0.013165 seconds .

========================================================================
Received Import Request.
  Time since last request: 0.000172 seconds.
  path: Assets/2DGamekit/Art/Sprites/AnimatedSprites/Enemies/Chomper/Death/ChomperDEATH_Paint_03.png
  artifactKey: Guid(5ff5b330714abac42a0db7b827b418a6) Importer(815301076,1909f56bfc062723c751e8b465ee728b)
Start importing Assets/2DGamekit/Art/Sprites/AnimatedSprites/Enemies/Chomper/Death/ChomperDEATH_Paint_03.png using Guid(5ff5b330714abac42a0db7b827b418a6) Importer(815301076,1909f56bfc062723c751e8b465ee728b)  -> (artifact id: '1dd781f1e900fef5aa8fbcfd70793c20') in 0.011825 seconds 
  Import took 0.014981 seconds .

========================================================================
Received Import Request.
  Time since last request: 0.000166 seconds.
  path: Assets/2DGamekit/Art/Sprites/AnimatedSprites/Enemies/Chomper/Death/ChomperDEATH_Paint_07.png
  artifactKey: Guid(8398530cb9366974ca3cb94c16af54f7) Importer(815301076,1909f56bfc062723c751e8b465ee728b)
Start importing Assets/2DGamekit/Art/Sprites/AnimatedSprites/Enemies/Chomper/Death/ChomperDEATH_Paint_07.png using Guid(8398530cb9366974ca3cb94c16af54f7) Importer(815301076,1909f56bfc062723c751e8b465ee728b)  -> (artifact id: '1d46795fd617baf054126902ffe7c381') in 0.007635 seconds 
  Import took 0.010367 seconds .

========================================================================
Received Import Request.
  Time since last request: 0.000171 seconds.
  path: Assets/2DGamekit/Art/Sprites/AnimatedSprites/Enemies/Gunner/Cutscene/Character/Gunner_INTRO_BOSSONLY_00000.png
  artifactKey: Guid(869aa777301c2234682258580e481bfa) Importer(815301076,1909f56bfc062723c751e8b465ee728b)
Start importing Assets/2DGamekit/Art/Sprites/AnimatedSprites/Enemies/Gunner/Cutscene/Character/Gunner_INTRO_BOSSONLY_00000.png using Guid(869aa777301c2234682258580e481bfa) Importer(815301076,1909f56bfc062723c751e8b465ee728b)  -> (artifact id: '457744a34dee1ba429c60d20ee630986') in 0.011489 seconds 
  Import took 0.014840 seconds .

========================================================================
Received Import Request.
  Time since last request: 0.000163 seconds.
  path: Assets/2DGamekit/Art/Sprites/Interactables/InfoSignNormal.png
  artifactKey: Guid(dfaaeea5a9c0c0f4bb76aadbe5f59e5b) Importer(815301076,1909f56bfc062723c751e8b465ee728b)
Start importing Assets/2DGamekit/Art/Sprites/Interactables/InfoSignNormal.png using Guid(dfaaeea5a9c0c0f4bb76aadbe5f59e5b) Importer(815301076,1909f56bfc062723c751e8b465ee728b)  -> (artifact id: 'b641496def3f4ef629dcb979979d2114') in 0.012639 seconds 
  Import took 0.015612 seconds .

========================================================================
Received Import Request.
  Time since last request: 0.000176 seconds.
  path: Assets/2DGamekit/Art/Sprites/AnimatedSprites/Enemies/Chomper/Death/ChomperDEATH_Paint_13.png
  artifactKey: Guid(882f64064bde2e64db7df2086bc259df) Importer(815301076,1909f56bfc062723c751e8b465ee728b)
Start importing Assets/2DGamekit/Art/Sprites/AnimatedSprites/Enemies/Chomper/Death/ChomperDEATH_Paint_13.png using Guid(882f64064bde2e64db7df2086bc259df) Importer(815301076,1909f56bfc062723c751e8b465ee728b)  -> (artifact id: '01bc84779eaecb1e0df70a2d6970f245') in 0.007873 seconds 
  Import took 0.010648 seconds .

========================================================================
Received Import Request.
  Time since last request: 0.000169 seconds.
  path: Assets/2DGamekit/Art/Sprites/AnimatedSprites/Enemies/Chomper/Death/ChomperDEATH_Paint_11.png
  artifactKey: Guid(1c64f7cfb7bf99d48abddaeb45da9704) Importer(815301076,1909f56bfc062723c751e8b465ee728b)
Start importing Assets/2DGamekit/Art/Sprites/AnimatedSprites/Enemies/Chomper/Death/ChomperDEATH_Paint_11.png using Guid(1c64f7cfb7bf99d48abddaeb45da9704) Importer(815301076,1909f56bfc062723c751e8b465ee728b)  -> (artifact id: '30c61d9df5800a15e6988c52b502cb41') in 0.007892 seconds 
  Import took 0.010780 seconds .

========================================================================
Received Import Request.
  Time since last request: 0.000157 seconds.
  path: Assets/2DGamekit/Art/Sprites/AnimatedSprites/Enemies/Chomper/Death/ChomperDEATH_Paint_05.png
  artifactKey: Guid(62e4d070156482a4995f75774447f83d) Importer(815301076,1909f56bfc062723c751e8b465ee728b)
Start importing Assets/2DGamekit/Art/Sprites/AnimatedSprites/Enemies/Chomper/Death/ChomperDEATH_Paint_05.png using Guid(62e4d070156482a4995f75774447f83d) Importer(815301076,1909f56bfc062723c751e8b465ee728b)  -> (artifact id: '3927466e0459deb652b58d0d3aec9f2a') in 0.007611 seconds 
  Import took 0.010660 seconds .

========================================================================
Received Import Request.
  Time since last request: 170.991371 seconds.
  path: Assets/Challenge.unity
  artifactKey: Guid(a650f092ada5c44a89201985cce0e291) Importer(815301076,1909f56bfc062723c751e8b465ee728b)
Start importing Assets/Challenge.unity using Guid(a650f092ada5c44a89201985cce0e291) Importer(815301076,1909f56bfc062723c751e8b465ee728b)  -> (artifact id: '46f04042e5015f2889f6ada484edfabf') in 0.002486 seconds 
  Import took 0.006352 seconds .

========================================================================
Received Import Request.
  Time since last request: 24.030537 seconds.
  path: Assets/Scene 1.unity
  artifactKey: Guid(55b44b6b9aba54160be84cd10511af80) Importer(815301076,1909f56bfc062723c751e8b465ee728b)
Start importing Assets/Scene 1.unity using Guid(55b44b6b9aba54160be84cd10511af80) Importer(815301076,1909f56bfc062723c751e8b465ee728b)  -> (artifact id: '224079e013ce1160d03a6b819c8c6767') in 0.002181 seconds 
  Import took 0.005959 seconds .

========================================================================
Received Import Request.
  Time since last request: 83.571467 seconds.
  path: Assets/NewScene.unity
  artifactKey: Guid(273776961c93842ae85bc80a6655065e) Importer(815301076,1909f56bfc062723c751e8b465ee728b)
Start importing Assets/NewScene.unity using Guid(273776961c93842ae85bc80a6655065e) Importer(815301076,1909f56bfc062723c751e8b465ee728b)  -> (artifact id: '62effa2c392fb9a3e5f2a83558422914') in 0.001208 seconds 
  Import took 0.004692 seconds .

========================================================================
Received Import Request.
  Time since last request: 11.579831 seconds.
  path: Assets/Challenge.unity
  artifactKey: Guid(273776961c93842ae85bc80a6655065e) Importer(815301076,1909f56bfc062723c751e8b465ee728b)
Start importing Assets/Challenge.unity using Guid(273776961c93842ae85bc80a6655065e) Importer(815301076,1909f56bfc062723c751e8b465ee728b)  -> (artifact id: '4ee69e615bb63fae543ab30846c95cf3') in 0.001128 seconds 
  Import took 0.004376 seconds .

========================================================================
Received Prepare
Registering precompiled user dll's ...
Registered in 0.003311 seconds.
Begin MonoManager ReloadAssembly
Native extension for OSXStandalone target not found
Refreshing native plugins compatible for Editor in 0.49 ms, found 2 plugins.
Preloading 0 native plugins for Editor in 0.00 ms.
Mono: successfully reloaded assembly
- Completed reload, in  0.955 seconds
Domain Reload Profiling:
	ReloadAssembly (955ms)
		BeginReloadAssembly (107ms)
			ExecutionOrderSort (0ms)
			DisableScriptedObjects (5ms)
			BackupInstance (0ms)
			ReleaseScriptingObjects (0ms)
			CreateAndSetChildDomain (54ms)
		EndReloadAssembly (792ms)
			LoadAssemblies (81ms)
			RebuildTransferFunctionScriptingTraits (0ms)
			SetupTypeCache (281ms)
			ReleaseScriptCaches (1ms)
			RebuildScriptCaches (42ms)
			SetupLoadedEditorAssemblies (269ms)
				LogAssemblyErrors (0ms)
				InitializePlatformSupportModulesInManaged (3ms)
				SetLoadedEditorAssemblies (0ms)
				RefreshPlugins (1ms)
				BeforeProcessingInitializeOnLoad (76ms)
				ProcessInitializeOnLoadAttributes (178ms)
				ProcessInitializeOnLoadMethodAttributes (9ms)
				AfterProcessingInitializeOnLoad (1ms)
				EditorAssembliesLoaded (0ms)
			ExecutionOrderSort2 (0ms)
			AwakeInstancesAfterBackupRestoration (6ms)
Platform modules already initialized, skipping
Refreshing native plugins compatible for Editor in 0.49 ms, found 2 plugins.
Preloading 0 native plugins for Editor in 0.00 ms.
Unloading 1994 Unused Serialized files (Serialized files now loaded: 0)
System memory in use before: 217.5 MB.
System memory in use after: 217.6 MB.

Unloading 16 unused Assets to reduce memory usage. Loaded Objects now: 2554.
Total: 2.277522 ms (FindLiveObjects: 0.135085 ms CreateObjectMapping: 0.061057 ms MarkObjects: 2.067606 ms  DeleteObjects: 0.013183 ms)

AssetImportParameters requested are different than current active one (requested -> active):
  custom:video-decoder-ogg-theora: a1e56fd34408186e4bbccfd4996cb3dc -> 
  custom:container-muxer-webm: aa71ff27fc2769a1b78a27578f13a17b -> 
  custom:container-demuxer-webm: 4f35f7cbe854078d1ac9338744f61a02 -> 
  custom:container-demuxer-ogg: 62fdf1f143b41e24485cea50d1cbac27 -> 
  custom:video-encoder-webm-vp8: eb34c28f22e8b96e1ab97ce403110664 -> 
  custom:framework-osx-AVFoundation: e770b220cccbd017edd2c1fefb359320 -> 
  custom:video-decoder-webm-vp8: 9c59270c3fd7afecdb556c50c9e8de78 -> 
  custom:audio-decoder-ogg-vorbis: bf7c407c2cedff20999df2af8eb42d56 -> 
  custom:audio-encoder-webm-vorbis: bf7c407c2cedff20999df2af8eb42d56 -> 
AssetImportWorkerClient::OnTransportError - code=2 error=End of file
